<?xml version="1.0" encoding="utf-8"?><testsuites name="pytest tests"><testsuite name="pytest" errors="0" failures="0" skipped="0" tests="5" time="1.142" timestamp="2026-06-15T20:18:25.683027+00:00" hostname="agent-env-1dcd2f1d-a965-42a6-bca7-49a2bbeab465"><testcase classname="backend.tests.test_colabrise" name="test_root_welcome" time="0.482" /><testcase classname="backend.tests.test_colabrise" name="test_create_lead_success" time="0.077" /><testcase classname="backend.tests.test_colabrise" name="test_create_lead_invalid_email" time="0.318" /><testcase classname="backend.tests.test_colabrise" name="test_create_lead_missing_name" time="0.058" /><testcase classname="backend.tests.test_colabrise" name="test_list_leads_contains_new" time="0.143" /></testsuite></testsuites>